
 Start ellc_emcee.py at Fri Sep 23 08:35:41 2016

 Using ellc grid size very_sparse

 Attempting to read light curve file  HD23642.dat
 Succesfully read light curve file HD23642.dat
 Line  1: (7064.068193, -0.0019000000320374966, 0.0009699999936856329, 5)
 Line 2814: (7132.637103, -0.0019000000320374966, 0.0009500000160187483, 1)

#  -- Start of user input block -- 
HD23642.dat    #+ Light curve file 
Kp    #+ Photometric band 
0.145 0.0023      #+  r_1 = R_1/a
0.1262 0.0037      #+  r_2 = R_2/a
0.4859 0.0068      #+  s = S_2/S_1, surface brightness ratio
78.21 0.11      #+  i = inclination (degrees)
0.0      #+  l_3 = third light  (fixed)
7119.52217 6e-05      #+  T_0, time of mid-eclipse
2.4611357 5e-07      #+  P = orbital period (days)
0.0      #+  f_c = sqrt(e).cos(omega)  (fixed)
0.0      #+  f_s = sqrt(e).sin(omega)  (fixed)
0.0      #+  domdt = apsidal motion rate [deg/cycle])  (fixed)
1.0      #+  F_1 = asynchronous rotation factor, star 1  (fixed)
1.0      #+  F_2 = asynchronous rotation factor, star 2  (fixed)
11500.0 750.0      #+  Teff1 = T_eff,1
4.25      #+  g1 = log(g_1)  (fixed)
8200.0 400.0      #+  Teff2 = T_eff,1
4.25      #+  g2 = log(g_1)  (fixed)
0.0      #+  [M/H]  (fixed)
0.2 0.1      #+  A_1 = reflection coefficient, star 1
0.2 0.1      #+  A_2 = reflection coefficient, star 2
1.6e-06 1e-06      #+  tilt = linear trend d(mag)/dt
0.707      #+  Mass ratio q=m_2/m_1  (fixed)
1766.0      #+  T_exp (seconds)  (fixed)
0      #+  Number of spots on star 1  (fixed)
0      #+  Number of spots on star 2  (fixed)
40      #+  Number of emcee walkers  (fixed)
5000      #+  Number of steps in the emcee chain  (fixed)
8      #+  Number of threads for emcee  (fixed)
lrat G 0.354 0.035               #+  Prior
end    #+  End of priors
# --  End of user input block -- 


 No. of free parameters =  11

 No. of priors =  1
 Degrees of freedom (including Gaussian priors) =   2794

Median acceptance fraction = 0.2903

 Writing best model fit to   model.csv

 End  ./ellc_emcee.py Fri Sep 23 09:27:45 2016

6

16

